Determining if the pthread_create exist failed with the following output:
Change Dir: /home/wenhai/vsc_workspace/Freehand3DReconstruction_2/build/CMakeFiles/CMakeTmp

Run Build Command(s):/usr/bin/make cmTC_bf84c/fast 
/usr/bin/make -f CMakeFiles/cmTC_bf84c.dir/build.make CMakeFiles/cmTC_bf84c.dir/build
make[1]: Entering directory '/home/wenhai/vsc_workspace/Freehand3DReconstruction_2/build/CMakeFiles/CMakeTmp'
Building C object CMakeFiles/cmTC_bf84c.dir/CheckSymbolExists.c.o
/usr/bin/gcc-7   -fPIC    -o CMakeFiles/cmTC_bf84c.dir/CheckSymbolExists.c.o   -c /home/wenhai/vsc_workspace/Freehand3DReconstruction_2/build/CMakeFiles/CMakeTmp/CheckSymbolExists.c
Linking C executable cmTC_bf84c
/home/wenhai/Packages/cmake-3.14.5-Linux-x86_64/bin/cmake -E cmake_link_script CMakeFiles/cmTC_bf84c.dir/link.txt --verbose=1
/usr/bin/gcc-7 -fPIC     CMakeFiles/cmTC_bf84c.dir/CheckSymbolExists.c.o  -o cmTC_bf84c 
CMakeFiles/cmTC_bf84c.dir/CheckSymbolExists.c.o: In function `main':
CheckSymbolExists.c:(.text+0x1b): undefined reference to `pthread_create'
collect2: error: ld returned 1 exit status
CMakeFiles/cmTC_bf84c.dir/build.make:86: recipe for target 'cmTC_bf84c' failed
make[1]: *** [cmTC_bf84c] Error 1
make[1]: Leaving directory '/home/wenhai/vsc_workspace/Freehand3DReconstruction_2/build/CMakeFiles/CMakeTmp'
Makefile:121: recipe for target 'cmTC_bf84c/fast' failed
make: *** [cmTC_bf84c/fast] Error 2

File /home/wenhai/vsc_workspace/Freehand3DReconstruction_2/build/CMakeFiles/CMakeTmp/CheckSymbolExists.c:
/* */
#include <pthread.h>

int main(int argc, char** argv)
{
  (void)argv;
#ifndef pthread_create
  return ((int*)(&pthread_create))[argc];
#else
  (void)argc;
  return 0;
#endif
}

Determining if the function pthread_create exists in the pthreads failed with the following output:
Change Dir: /home/wenhai/vsc_workspace/Freehand3DReconstruction_2/build/CMakeFiles/CMakeTmp

Run Build Command(s):/usr/bin/make cmTC_7fe91/fast 
/usr/bin/make -f CMakeFiles/cmTC_7fe91.dir/build.make CMakeFiles/cmTC_7fe91.dir/build
make[1]: Entering directory '/home/wenhai/vsc_workspace/Freehand3DReconstruction_2/build/CMakeFiles/CMakeTmp'
Building C object CMakeFiles/cmTC_7fe91.dir/CheckFunctionExists.c.o
/usr/bin/gcc-7   -fPIC -DCHECK_FUNCTION_EXISTS=pthread_create   -o CMakeFiles/cmTC_7fe91.dir/CheckFunctionExists.c.o   -c /home/wenhai/Packages/cmake-3.14.5-Linux-x86_64/share/cmake-3.14/Modules/CheckFunctionExists.c
Linking C executable cmTC_7fe91
/home/wenhai/Packages/cmake-3.14.5-Linux-x86_64/bin/cmake -E cmake_link_script CMakeFiles/cmTC_7fe91.dir/link.txt --verbose=1
/usr/bin/gcc-7 -fPIC -DCHECK_FUNCTION_EXISTS=pthread_create    CMakeFiles/cmTC_7fe91.dir/CheckFunctionExists.c.o  -o cmTC_7fe91 -lpthreads 
/usr/bin/ld: cannot find -lpthreads
collect2: error: ld returned 1 exit status
CMakeFiles/cmTC_7fe91.dir/build.make:86: recipe for target 'cmTC_7fe91' failed
make[1]: *** [cmTC_7fe91] Error 1
make[1]: Leaving directory '/home/wenhai/vsc_workspace/Freehand3DReconstruction_2/build/CMakeFiles/CMakeTmp'
Makefile:121: recipe for target 'cmTC_7fe91/fast' failed
make: *** [cmTC_7fe91/fast] Error 2


